<?xml version="1.0" encoding="UTF-8"?>
<!-- Generated by org.testng.reporters.JUnitReportReporter -->
<testsuite hostname="LAPTOP-H0GFDE3R" failures="0" tests="1" name="tests1.ValidatedNavigationBarTest" time="0.105" errors="0" timestamp="28 Jan 2022 16:40:56 GMT" skipped="0">
  <testcase classname="tests1.ValidatedNavigationBarTest" name="validatedNavigationBar" time="0.105"/>
</testsuite> <!-- tests1.ValidatedNavigationBarTest -->
