<?xml version="1.0" encoding="UTF-8"?>
<!-- Generated by org.testng.reporters.JUnitReportReporter -->
<testsuite hostname="LAPTOP-H0GFDE3R" failures="0" tests="1" name="tests.NavigationBarIsPresent" time="8.192" errors="0" timestamp="2022-01-02T12:37:45 EST" skipped="0">
  <testcase classname="tests.NavigationBarIsPresent" name="validatedHomePageTitle" time="8.192"/>
  <system-out/>
</testsuite> <!-- tests.NavigationBarIsPresent -->
