<?xml version="1.0" encoding="UTF-8"?>
<!-- Generated by org.testng.reporters.JUnitReportReporter -->
<testsuite hostname="LAPTOP-H0GFDE3R" failures="0" tests="2" name="tests1.HomePageTest" time="12.503" errors="0" timestamp="28 Jan 2022 16:40:56 GMT" skipped="0">
  <testcase classname="tests1.HomePageTest" name="basePageNavigation" time="4.092"/>
  <testcase classname="tests1.HomePageTest" name="basePageNavigation" time="8.411"/>
</testsuite> <!-- tests1.HomePageTest -->
