<?xml version="1.0" encoding="UTF-8"?>
<!-- Generated by org.testng.reporters.JUnitReportReporter -->
<testsuite hostname="LAPTOP-H0GFDE3R" failures="0" tests="1" name="pageObjects.HomePage" time="9.611" errors="0" timestamp="2022-01-01T13:40:10 EST" skipped="0">
  <testcase classname="pageObjects.HomePage" name="basePageNavigation" time="9.611"/>
  <system-out/>
</testsuite> <!-- pageObjects.HomePage -->
