<?xml version="1.0" encoding="UTF-8"?>
<!-- Generated by org.testng.reporters.JUnitReportReporter -->
<testsuite hostname="LAPTOP-H0GFDE3R" failures="0" tests="2" name="tests.HomePageTest" time="13.176" errors="0" timestamp="26 Jan 2022 02:43:06 GMT" skipped="0">
  <testcase classname="tests.HomePageTest" name="basePageNavigation" time="4.117"/>
  <testcase classname="tests.HomePageTest" name="basePageNavigation" time="9.059"/>
</testsuite> <!-- tests.HomePageTest -->
