<?xml version="1.0" encoding="UTF-8"?>
<!-- Generated by org.testng.reporters.JUnitReportReporter -->
<testsuite hostname="LAPTOP-H0GFDE3R" failures="0" tests="1" name="tests.validated2TitleTest" time="8.347" errors="0" timestamp="2022-01-02T12:31:21 EST" skipped="0">
  <testcase classname="tests.validated2TitleTest" name="validatedHomePageTitle" time="8.347"/>
  <system-out/>
</testsuite> <!-- tests.validated2TitleTest -->
