<?xml version="1.0" encoding="UTF-8"?>
<!-- Generated by org.testng.reporters.JUnitReportReporter -->
<testsuite hostname="LAPTOP-H0GFDE3R" failures="0" tests="1" name="tests.ValidatedNavigationBarTest" time="0.095" errors="0" timestamp="26 Jan 2022 02:43:06 GMT" skipped="0">
  <testcase classname="tests.ValidatedNavigationBarTest" name="validatedNavigationBar" time="0.095"/>
</testsuite> <!-- tests.ValidatedNavigationBarTest -->
