<?xml version="1.0" encoding="UTF-8"?>
<!-- Generated by org.testng.reporters.JUnitReportReporter -->
<testsuite hostname="LAPTOP-H0GFDE3R" failures="0" tests="1" name="tests1.CoursesPageTest" time="31.668" errors="0" timestamp="02 Feb 2022 02:11:08 GMT" skipped="0">
  <testcase classname="tests1.CoursesPageTest" name="getCourse" time="31.668"/>
</testsuite> <!-- tests1.CoursesPageTest -->
